0 info it worked if it ends with ok
1 verbose cli [ '/usr/local/bin/node',
1 verbose cli   '/usr/local/bin/npm',
1 verbose cli   'run',
1 verbose cli   'build',
1 verbose cli   './htdocs/js/vendor/package.json' ]
2 info using npm@2.14.12
3 info using node@v4.3.1
4 verbose stack Error: ENOENT: no such file or directory, open '/Users/waldo/Desktop/richmondsunlight.com/package.json'
4 verbose stack     at Error (native)
5 verbose cwd /Users/waldo/Desktop/richmondsunlight.com
6 error Darwin 17.4.0
7 error argv "/usr/local/bin/node" "/usr/local/bin/npm" "run" "build" "./htdocs/js/vendor/package.json"
8 error node v4.3.1
9 error npm  v2.14.12
10 error path /Users/waldo/Desktop/richmondsunlight.com/package.json
11 error code ENOENT
12 error errno -2
13 error syscall open
14 error enoent ENOENT: no such file or directory, open '/Users/waldo/Desktop/richmondsunlight.com/package.json'
14 error enoent This is most likely not a problem with npm itself
14 error enoent and is related to npm not being able to find a file.
15 verbose exit [ -2, true ]
